<?xml version="1.0" encoding="UTF-8"?>
<testng-results skipped="0" failed="0" ignored="0" total="3" passed="3">
  <reporter-output>
  </reporter-output>
  <suite name="Default suite" duration-ms="151403" started-at="2020-01-06T16:10:31Z" finished-at="2020-01-06T16:13:03Z">
    <groups>
    </groups>
    <test name="Default test" duration-ms="151403" started-at="2020-01-06T16:10:31Z" finished-at="2020-01-06T16:13:03Z">
      <class name="ParameterizationTestNG">
        <test-method status="PASS" signature="launchBrowser()[pri:0, instance:ParameterizationTestNG@1753acfe]" name="launchBrowser" is-config="true" duration-ms="44721" started-at="2020-01-06T21:40:32Z" finished-at="2020-01-06T21:41:17Z">
          <reporter-output>
          </reporter-output>
        </test-method> <!-- launchBrowser -->
        <test-method status="PASS" signature="loginTest(java.lang.String, java.lang.String)[pri:0, instance:ParameterizationTestNG@1753acfe]" name="loginTest" duration-ms="12589" started-at="2020-01-06T21:41:17Z" data-provider="getData" finished-at="2020-01-06T21:41:29Z">
          <params>
            <param index="0">
              <value>
                <![CDATA[srinivas.badhamoni@gmail.com]]>
              </value>
            </param>
            <param index="1">
              <value>
                <![CDATA[srinivas]]>
              </value>
            </param>
          </params>
          <reporter-output>
          </reporter-output>
        </test-method> <!-- loginTest -->
        <test-method status="PASS" signature="tearDown()[pri:0, instance:ParameterizationTestNG@1753acfe]" name="tearDown" is-config="true" duration-ms="2938" started-at="2020-01-06T21:41:29Z" finished-at="2020-01-06T21:41:32Z">
          <reporter-output>
          </reporter-output>
        </test-method> <!-- tearDown -->
        <test-method status="PASS" signature="launchBrowser()[pri:0, instance:ParameterizationTestNG@1753acfe]" name="launchBrowser" is-config="true" duration-ms="36463" started-at="2020-01-06T21:41:32Z" finished-at="2020-01-06T21:42:09Z">
          <reporter-output>
          </reporter-output>
        </test-method> <!-- launchBrowser -->
        <test-method status="PASS" signature="loginTest(java.lang.String, java.lang.String)[pri:0, instance:ParameterizationTestNG@1753acfe]" name="loginTest" duration-ms="9402" started-at="2020-01-06T21:42:09Z" data-provider="getData" finished-at="2020-01-06T21:42:18Z">
          <params>
            <param index="0">
              <value>
                <![CDATA[badhamoni.srinivas@gmail.com]]>
              </value>
            </param>
            <param index="1">
              <value>
                <![CDATA[goud]]>
              </value>
            </param>
          </params>
          <reporter-output>
          </reporter-output>
        </test-method> <!-- loginTest -->
        <test-method status="PASS" signature="tearDown()[pri:0, instance:ParameterizationTestNG@1753acfe]" name="tearDown" is-config="true" duration-ms="2159" started-at="2020-01-06T21:42:18Z" finished-at="2020-01-06T21:42:20Z">
          <reporter-output>
          </reporter-output>
        </test-method> <!-- tearDown -->
        <test-method status="PASS" signature="launchBrowser()[pri:0, instance:ParameterizationTestNG@1753acfe]" name="launchBrowser" is-config="true" duration-ms="34968" started-at="2020-01-06T21:42:20Z" finished-at="2020-01-06T21:42:55Z">
          <reporter-output>
          </reporter-output>
        </test-method> <!-- launchBrowser -->
        <test-method status="PASS" signature="loginTest(java.lang.String, java.lang.String)[pri:0, instance:ParameterizationTestNG@1753acfe]" name="loginTest" duration-ms="6483" started-at="2020-01-06T21:42:55Z" data-provider="getData" finished-at="2020-01-06T21:43:02Z">
          <params>
            <param index="0">
              <value>
                <![CDATA[srinivas1.badhamoni@gmail.com]]>
              </value>
            </param>
            <param index="1">
              <value>
                <![CDATA[badhamoni]]>
              </value>
            </param>
          </params>
          <reporter-output>
          </reporter-output>
        </test-method> <!-- loginTest -->
        <test-method status="PASS" signature="tearDown()[pri:0, instance:ParameterizationTestNG@1753acfe]" name="tearDown" is-config="true" duration-ms="789" started-at="2020-01-06T21:43:02Z" finished-at="2020-01-06T21:43:03Z">
          <reporter-output>
          </reporter-output>
        </test-method> <!-- tearDown -->
      </class> <!-- ParameterizationTestNG -->
    </test> <!-- Default test -->
  </suite> <!-- Default suite -->
</testng-results>
